/home/gian/PyPLUTO/pyPLUTO/amr.py
  /home/gian/PyPLUTO/pyPLUTO/amr.py:46:20 - error: Argument of type "Unknown | None" cannot be assigned to parameter "stop" of type "SupportsIndex" in function "__new__"
    Type "Unknown | None" is not assignable to type "SupportsIndex"
      "None" is incompatible with protocol "SupportsIndex"
        "__index__" is not present (reportArgumentType)
  /home/gian/PyPLUTO/pyPLUTO/amr.py:161:11 - error: "dx" is possibly unbound (reportPossiblyUnboundVariable)
  /home/gian/PyPLUTO/pyPLUTO/amr.py:165:12 - error: "logr" is possibly unbound (reportPossiblyUnboundVariable)
  /home/gian/PyPLUTO/pyPLUTO/amr.py:166:43 - error: "x1b" is possibly unbound (reportPossiblyUnboundVariable)
  /home/gian/PyPLUTO/pyPLUTO/amr.py:169:42 - error: "x1b" is possibly unbound (reportPossiblyUnboundVariable)
  /home/gian/PyPLUTO/pyPLUTO/amr.py:170:42 - error: "x1b" is possibly unbound (reportPossiblyUnboundVariable)
  /home/gian/PyPLUTO/pyPLUTO/amr.py:174:21 - error: "ibeg" is possibly unbound (reportPossiblyUnboundVariable)
  /home/gian/PyPLUTO/pyPLUTO/amr.py:175:21 - error: "iend" is possibly unbound (reportPossiblyUnboundVariable)
  /home/gian/PyPLUTO/pyPLUTO/amr.py:178:40 - error: "x2b" is possibly unbound (reportPossiblyUnboundVariable)
  /home/gian/PyPLUTO/pyPLUTO/amr.py:178:47 - error: "ystr" is possibly unbound (reportPossiblyUnboundVariable)
  /home/gian/PyPLUTO/pyPLUTO/amr.py:181:21 - error: "jbeg" is possibly unbound (reportPossiblyUnboundVariable)
  /home/gian/PyPLUTO/pyPLUTO/amr.py:182:21 - error: "jend" is possibly unbound (reportPossiblyUnboundVariable)
  /home/gian/PyPLUTO/pyPLUTO/amr.py:185:40 - error: "x3b" is possibly unbound (reportPossiblyUnboundVariable)
  /home/gian/PyPLUTO/pyPLUTO/amr.py:185:47 - error: "zstr" is possibly unbound (reportPossiblyUnboundVariable)
  /home/gian/PyPLUTO/pyPLUTO/amr.py:188:21 - error: "kbeg" is possibly unbound (reportPossiblyUnboundVariable)
  /home/gian/PyPLUTO/pyPLUTO/amr.py:189:21 - error: "kend" is possibly unbound (reportPossiblyUnboundVariable)
  /home/gian/PyPLUTO/pyPLUTO/amr.py:193:8 - error: "logr" is possibly unbound (reportPossiblyUnboundVariable)
  /home/gian/PyPLUTO/pyPLUTO/amr.py:194:14 - error: "x1b" is possibly unbound (reportPossiblyUnboundVariable)
  /home/gian/PyPLUTO/pyPLUTO/amr.py:194:21 - error: "ibeg" is possibly unbound (reportPossiblyUnboundVariable)
  /home/gian/PyPLUTO/pyPLUTO/amr.py:194:43 - error: "nx" is possibly unbound (reportPossiblyUnboundVariable)
  /home/gian/PyPLUTO/pyPLUTO/amr.py:194:57 - error: "dx" is possibly unbound (reportPossiblyUnboundVariable)
  /home/gian/PyPLUTO/pyPLUTO/amr.py:197:13 - error: "x1b" is possibly unbound (reportPossiblyUnboundVariable)
  /home/gian/PyPLUTO/pyPLUTO/amr.py:199:25 - error: "ibeg" is possibly unbound (reportPossiblyUnboundVariable)
  /home/gian/PyPLUTO/pyPLUTO/amr.py:199:47 - error: "nx" is possibly unbound (reportPossiblyUnboundVariable)
  /home/gian/PyPLUTO/pyPLUTO/amr.py:199:59 - error: "dx" is possibly unbound (reportPossiblyUnboundVariable)
  /home/gian/PyPLUTO/pyPLUTO/amr.py:200:27 - error: "ibeg" is possibly unbound (reportPossiblyUnboundVariable)
  /home/gian/PyPLUTO/pyPLUTO/amr.py:200:49 - error: "nx" is possibly unbound (reportPossiblyUnboundVariable)
  /home/gian/PyPLUTO/pyPLUTO/amr.py:200:57 - error: "dx" is possibly unbound (reportPossiblyUnboundVariable)
  /home/gian/PyPLUTO/pyPLUTO/amr.py:204:10 - error: "x2b" is possibly unbound (reportPossiblyUnboundVariable)
  /home/gian/PyPLUTO/pyPLUTO/amr.py:204:17 - error: "jbeg" is possibly unbound (reportPossiblyUnboundVariable)
  /home/gian/PyPLUTO/pyPLUTO/amr.py:204:39 - error: "ny" is possibly unbound (reportPossiblyUnboundVariable)
  /home/gian/PyPLUTO/pyPLUTO/amr.py:204:53 - error: "dx" is possibly unbound (reportPossiblyUnboundVariable)
  /home/gian/PyPLUTO/pyPLUTO/amr.py:204:58 - error: "ystr" is possibly unbound (reportPossiblyUnboundVariable)
  /home/gian/PyPLUTO/pyPLUTO/amr.py:205:10 - error: "x3b" is possibly unbound (reportPossiblyUnboundVariable)
  /home/gian/PyPLUTO/pyPLUTO/amr.py:205:17 - error: "kbeg" is possibly unbound (reportPossiblyUnboundVariable)
  /home/gian/PyPLUTO/pyPLUTO/amr.py:205:39 - error: "nz" is possibly unbound (reportPossiblyUnboundVariable)
  /home/gian/PyPLUTO/pyPLUTO/amr.py:205:53 - error: "dx" is possibly unbound (reportPossiblyUnboundVariable)
  /home/gian/PyPLUTO/pyPLUTO/amr.py:205:58 - error: "zstr" is possibly unbound (reportPossiblyUnboundVariable)
  /home/gian/PyPLUTO/pyPLUTO/amr.py:206:8 - error: "logr" is possibly unbound (reportPossiblyUnboundVariable)
  /home/gian/PyPLUTO/pyPLUTO/amr.py:207:23 - error: "nx" is possibly unbound (reportPossiblyUnboundVariable)
  /home/gian/PyPLUTO/pyPLUTO/amr.py:207:29 - error: "dx" is possibly unbound (reportPossiblyUnboundVariable)
  /home/gian/PyPLUTO/pyPLUTO/amr.py:209:15 - error: "x1b" is possibly unbound (reportPossiblyUnboundVariable)
  /home/gian/PyPLUTO/pyPLUTO/amr.py:210:21 - error: "ibeg" is possibly unbound (reportPossiblyUnboundVariable)
  /home/gian/PyPLUTO/pyPLUTO/amr.py:210:43 - error: "nx" is possibly unbound (reportPossiblyUnboundVariable)
  /home/gian/PyPLUTO/pyPLUTO/amr.py:210:55 - error: "dx" is possibly unbound (reportPossiblyUnboundVariable)
  /home/gian/PyPLUTO/pyPLUTO/amr.py:211:23 - error: "ibeg" is possibly unbound (reportPossiblyUnboundVariable)
  /home/gian/PyPLUTO/pyPLUTO/amr.py:211:45 - error: "nx" is possibly unbound (reportPossiblyUnboundVariable)
  /home/gian/PyPLUTO/pyPLUTO/amr.py:211:53 - error: "dx" is possibly unbound (reportPossiblyUnboundVariable)
  /home/gian/PyPLUTO/pyPLUTO/amr.py:213:19 - error: "ny" is possibly unbound (reportPossiblyUnboundVariable)
  /home/gian/PyPLUTO/pyPLUTO/amr.py:213:25 - error: "dx" is possibly unbound (reportPossiblyUnboundVariable)
  /home/gian/PyPLUTO/pyPLUTO/amr.py:213:30 - error: "ystr" is possibly unbound (reportPossiblyUnboundVariable)
  /home/gian/PyPLUTO/pyPLUTO/amr.py:214:19 - error: "nz" is possibly unbound (reportPossiblyUnboundVariable)
  /home/gian/PyPLUTO/pyPLUTO/amr.py:214:25 - error: "dx" is possibly unbound (reportPossiblyUnboundVariable)
  /home/gian/PyPLUTO/pyPLUTO/amr.py:214:30 - error: "zstr" is possibly unbound (reportPossiblyUnboundVariable)
  /home/gian/PyPLUTO/pyPLUTO/amr.py:229:20 - error: "nx" is possibly unbound (reportPossiblyUnboundVariable)
  /home/gian/PyPLUTO/pyPLUTO/amr.py:230:20 - error: "ny" is possibly unbound (reportPossiblyUnboundVariable)
  /home/gian/PyPLUTO/pyPLUTO/amr.py:231:20 - error: "nz" is possibly unbound (reportPossiblyUnboundVariable)
  /home/gian/PyPLUTO/pyPLUTO/amr.py:241:20 - error: "dt" is possibly unbound (reportPossiblyUnboundVariable)
  /home/gian/PyPLUTO/pyPLUTO/amr.py:247:22 - error: "nx" is possibly unbound (reportPossiblyUnboundVariable)
  /home/gian/PyPLUTO/pyPLUTO/amr.py:247:26 - error: "ny" is possibly unbound (reportPossiblyUnboundVariable)
  /home/gian/PyPLUTO/pyPLUTO/amr.py:247:30 - error: "nz" is possibly unbound (reportPossiblyUnboundVariable)
  /home/gian/PyPLUTO/pyPLUTO/amr.py:250:17 - error: "ibeg" is possibly unbound (reportPossiblyUnboundVariable)
  /home/gian/PyPLUTO/pyPLUTO/amr.py:251:17 - error: "iend" is possibly unbound (reportPossiblyUnboundVariable)
  /home/gian/PyPLUTO/pyPLUTO/amr.py:252:17 - error: "jbeg" is possibly unbound (reportPossiblyUnboundVariable)
  /home/gian/PyPLUTO/pyPLUTO/amr.py:253:17 - error: "jend" is possibly unbound (reportPossiblyUnboundVariable)
  /home/gian/PyPLUTO/pyPLUTO/amr.py:254:17 - error: "kbeg" is possibly unbound (reportPossiblyUnboundVariable)
  /home/gian/PyPLUTO/pyPLUTO/amr.py:255:17 - error: "kend" is possibly unbound (reportPossiblyUnboundVariable)
  /home/gian/PyPLUTO/pyPLUTO/amr.py:258:26 - error: "nx" is possibly unbound (reportPossiblyUnboundVariable)
  /home/gian/PyPLUTO/pyPLUTO/amr.py:258:30 - error: "ny" is possibly unbound (reportPossiblyUnboundVariable)
  /home/gian/PyPLUTO/pyPLUTO/amr.py:258:34 - error: "nz" is possibly unbound (reportPossiblyUnboundVariable)
  /home/gian/PyPLUTO/pyPLUTO/amr.py:314:23 - error: "iend" is possibly unbound (reportPossiblyUnboundVariable)
  /home/gian/PyPLUTO/pyPLUTO/amr.py:315:26 - error: "ibeg" is possibly unbound (reportPossiblyUnboundVariable)
  /home/gian/PyPLUTO/pyPLUTO/amr.py:316:26 - error: "jend" is possibly unbound (reportPossiblyUnboundVariable)
  /home/gian/PyPLUTO/pyPLUTO/amr.py:317:26 - error: "jbeg" is possibly unbound (reportPossiblyUnboundVariable)
  /home/gian/PyPLUTO/pyPLUTO/amr.py:318:26 - error: "kend" is possibly unbound (reportPossiblyUnboundVariable)
  /home/gian/PyPLUTO/pyPLUTO/amr.py:319:26 - error: "kbeg" is possibly unbound (reportPossiblyUnboundVariable)
  /home/gian/PyPLUTO/pyPLUTO/amr.py:327:28 - error: "ibeg" is possibly unbound (reportPossiblyUnboundVariable)
  /home/gian/PyPLUTO/pyPLUTO/amr.py:328:28 - error: "iend" is possibly unbound (reportPossiblyUnboundVariable)
  /home/gian/PyPLUTO/pyPLUTO/amr.py:329:28 - error: "jbeg" is possibly unbound (reportPossiblyUnboundVariable)
  /home/gian/PyPLUTO/pyPLUTO/amr.py:330:28 - error: "jend" is possibly unbound (reportPossiblyUnboundVariable)
  /home/gian/PyPLUTO/pyPLUTO/amr.py:331:28 - error: "kbeg" is possibly unbound (reportPossiblyUnboundVariable)
  /home/gian/PyPLUTO/pyPLUTO/amr.py:332:28 - error: "kend" is possibly unbound (reportPossiblyUnboundVariable)
  /home/gian/PyPLUTO/pyPLUTO/amr.py:335:20 - error: "logr" is possibly unbound (reportPossiblyUnboundVariable)
  /home/gian/PyPLUTO/pyPLUTO/amr.py:336:51 - error: "x1b" is possibly unbound (reportPossiblyUnboundVariable)
  /home/gian/PyPLUTO/pyPLUTO/amr.py:336:57 - error: "dx" is possibly unbound (reportPossiblyUnboundVariable)
  /home/gian/PyPLUTO/pyPLUTO/amr.py:337:51 - error: "x1b" is possibly unbound (reportPossiblyUnboundVariable)
  /home/gian/PyPLUTO/pyPLUTO/amr.py:337:57 - error: "dx" is possibly unbound (reportPossiblyUnboundVariable)
  /home/gian/PyPLUTO/pyPLUTO/amr.py:339:51 - error: "x1b" is possibly unbound (reportPossiblyUnboundVariable)
  /home/gian/PyPLUTO/pyPLUTO/amr.py:339:64 - error: "dx" is possibly unbound (reportPossiblyUnboundVariable)
  /home/gian/PyPLUTO/pyPLUTO/amr.py:340:51 - error: "x1b" is possibly unbound (reportPossiblyUnboundVariable)
  /home/gian/PyPLUTO/pyPLUTO/amr.py:340:64 - error: "dx" is possibly unbound (reportPossiblyUnboundVariable)
  /home/gian/PyPLUTO/pyPLUTO/amr.py:341:47 - error: "x2b" is possibly unbound (reportPossiblyUnboundVariable)
  /home/gian/PyPLUTO/pyPLUTO/amr.py:341:53 - error: "dx" is possibly unbound (reportPossiblyUnboundVariable)
  /home/gian/PyPLUTO/pyPLUTO/amr.py:341:66 - error: "ystr" is possibly unbound (reportPossiblyUnboundVariable)
  /home/gian/PyPLUTO/pyPLUTO/amr.py:342:47 - error: "x2b" is possibly unbound (reportPossiblyUnboundVariable)
  /home/gian/PyPLUTO/pyPLUTO/amr.py:342:53 - error: "dx" is possibly unbound (reportPossiblyUnboundVariable)
  /home/gian/PyPLUTO/pyPLUTO/amr.py:342:70 - error: "ystr" is possibly unbound (reportPossiblyUnboundVariable)
  /home/gian/PyPLUTO/pyPLUTO/amr.py:343:47 - error: "x3b" is possibly unbound (reportPossiblyUnboundVariable)
  /home/gian/PyPLUTO/pyPLUTO/amr.py:343:53 - error: "dx" is possibly unbound (reportPossiblyUnboundVariable)
  /home/gian/PyPLUTO/pyPLUTO/amr.py:343:66 - error: "zstr" is possibly unbound (reportPossiblyUnboundVariable)
  /home/gian/PyPLUTO/pyPLUTO/amr.py:344:47 - error: "x3b" is possibly unbound (reportPossiblyUnboundVariable)
  /home/gian/PyPLUTO/pyPLUTO/amr.py:344:53 - error: "dx" is possibly unbound (reportPossiblyUnboundVariable)
  /home/gian/PyPLUTO/pyPLUTO/amr.py:344:70 - error: "zstr" is possibly unbound (reportPossiblyUnboundVariable)
  /home/gian/PyPLUTO/pyPLUTO/amr.py:352:27 - error: "ibeg" is possibly unbound (reportPossiblyUnboundVariable)
  /home/gian/PyPLUTO/pyPLUTO/amr.py:352:40 - error: "ibeg" is possibly unbound (reportPossiblyUnboundVariable)
  /home/gian/PyPLUTO/pyPLUTO/amr.py:353:27 - error: "jbeg" is possibly unbound (reportPossiblyUnboundVariable)
  /home/gian/PyPLUTO/pyPLUTO/amr.py:353:40 - error: "jbeg" is possibly unbound (reportPossiblyUnboundVariable)
  /home/gian/PyPLUTO/pyPLUTO/amr.py:354:27 - error: "kbeg" is possibly unbound (reportPossiblyUnboundVariable)
  /home/gian/PyPLUTO/pyPLUTO/amr.py:354:40 - error: "kbeg" is possibly unbound (reportPossiblyUnboundVariable)
  /home/gian/PyPLUTO/pyPLUTO/amr.py:384:31 - error: "ibeg" is possibly unbound (reportPossiblyUnboundVariable)
  /home/gian/PyPLUTO/pyPLUTO/amr.py:384:44 - error: "ibeg" is possibly unbound (reportPossiblyUnboundVariable)
  /home/gian/PyPLUTO/pyPLUTO/amr.py:385:31 - error: "jbeg" is possibly unbound (reportPossiblyUnboundVariable)
  /home/gian/PyPLUTO/pyPLUTO/amr.py:385:44 - error: "jbeg" is possibly unbound (reportPossiblyUnboundVariable)
  /home/gian/PyPLUTO/pyPLUTO/amr.py:386:31 - error: "kbeg" is possibly unbound (reportPossiblyUnboundVariable)
  /home/gian/PyPLUTO/pyPLUTO/amr.py:386:44 - error: "kbeg" is possibly unbound (reportPossiblyUnboundVariable)
  /home/gian/PyPLUTO/pyPLUTO/amr.py:403:5 - error: No overloads for "update" match the provided arguments (reportCallIssue)
  /home/gian/PyPLUTO/pyPLUTO/amr.py:403:20 - error: Argument of type "dict[Literal['AMRBoxes', 'AMRLevel'], _Array[tuple[int, int, int], float64] | list[Unknown]]" cannot be assigned to parameter "m" of type "Iterable[tuple[Literal['n1', 'n2', 'n3', 'x1', 'x2', 'x3', 'x1r', 'x2r', 'x3r', 'dx1', 'dx2', 'dx3', 'Dt'], _Array1D[float64]]]" in function "update"
    "dict[Literal['AMRBoxes', 'AMRLevel'], _Array[tuple[int, int, int], float64] | list[Unknown]]" is not assignable to "Iterable[tuple[Literal['n1', 'n2', 'n3', 'x1', 'x2', 'x3', 'x1r', 'x2r', 'x3r', 'dx1', 'dx2', 'dx3', 'Dt'], _Array1D[float64]]]"
      Type parameter "_T_co@Iterable" is covariant, but "Literal['AMRBoxes', 'AMRLevel']" is not a subtype of "tuple[Literal['n1', 'n2', 'n3', 'x1', 'x2', 'x3', 'x1r', 'x2r', 'x3r', 'dx1', 'dx2', 'dx3', 'Dt'], _Array1D[float64]]"
        Type "Literal['AMRBoxes', 'AMRLevel']" is not assignable to type "tuple[Literal['n1', 'n2', 'n3', 'x1', 'x2', 'x3', 'x1r', 'x2r', 'x3r', 'dx1', 'dx2', 'dx3', 'Dt'], _Array1D[float64]]"
          "Literal['AMRBoxes']" is not assignable to "tuple[Literal['n1', 'n2', 'n3', 'x1', 'x2', 'x3', 'x1r', 'x2r', 'x3r', 'dx1', 'dx2', 'dx3', 'Dt'], _Array1D[float64]]" (reportArgumentType)
/home/gian/PyPLUTO/pyPLUTO/gui/config.py
  /home/gian/PyPLUTO/pyPLUTO/gui/config.py:6:6 - error: Import "PySide6.QtWidgets" could not be resolved (reportMissingImports)
/home/gian/PyPLUTO/pyPLUTO/gui/custom_var.py
  /home/gian/PyPLUTO/pyPLUTO/gui/custom_var.py:9:6 - error: Import "PySide6.QtCore" could not be resolved (reportMissingImports)
  /home/gian/PyPLUTO/pyPLUTO/gui/custom_var.py:10:6 - error: Import "PySide6.QtWidgets" could not be resolved (reportMissingImports)
  /home/gian/PyPLUTO/pyPLUTO/gui/custom_var.py:152:26 - error: Cannot access attribute "shape" for class "float"
    Attribute "shape" is unknown (reportAttributeAccessIssue)
  /home/gian/PyPLUTO/pyPLUTO/gui/custom_var.py:154:56 - error: Cannot access attribute "dtype" for class "float"
    Attribute "dtype" is unknown (reportAttributeAccessIssue)
  /home/gian/PyPLUTO/pyPLUTO/gui/custom_var.py:170:25 - error: "out" is possibly unbound (reportPossiblyUnboundVariable)
  /home/gian/PyPLUTO/pyPLUTO/gui/custom_var.py:346:9 - error: Expression with type "tuple[str, str]" cannot be assigned to target tuple
    Type "tuple[str, str]" is incompatible with target tuple
      Tuple size mismatch; expected 5 but received 2 (reportAssignmentType)
/home/gian/PyPLUTO/pyPLUTO/gui/main.py
  /home/gian/PyPLUTO/pyPLUTO/gui/main.py:3:6 - error: Import "PySide6.QtWidgets" could not be resolved (reportMissingImports)
/home/gian/PyPLUTO/pyPLUTO/gui/main_window.py
  /home/gian/PyPLUTO/pyPLUTO/gui/main_window.py:1:6 - error: Import "PySide6.QtWidgets" could not be resolved (reportMissingImports)
/home/gian/PyPLUTO/pyPLUTO/gui/panels.py
  /home/gian/PyPLUTO/pyPLUTO/gui/panels.py:3:6 - error: Import "PySide6.QtWidgets" could not be resolved (reportMissingImports)
/home/gian/PyPLUTO/pyPLUTO/gui/utils.py
  /home/gian/PyPLUTO/pyPLUTO/gui/utils.py:5:5 - error: "NavigationToolbar2QT" is not exported from module "matplotlib.backends.backend_qtagg"
    Import from "matplotlib.backends.backend_qt" instead (reportPrivateImportUsage)
  /home/gian/PyPLUTO/pyPLUTO/gui/utils.py:59:21 - error: "matplotlib" is not exported from module "matplotlib.pyplot" (reportPrivateImportUsage)
  /home/gian/PyPLUTO/pyPLUTO/gui/utils.py:60:21 - error: "matplotlib" is not exported from module "matplotlib.pyplot" (reportPrivateImportUsage)
  /home/gian/PyPLUTO/pyPLUTO/gui/utils.py:60:32 - error: "collections" is not a known attribute of module "matplotlib" (reportAttributeAccessIssue)
/home/gian/PyPLUTO/pyPLUTO/load.py
  /home/gian/PyPLUTO/pyPLUTO/load.py:173:42 - error: Argument of type "str | Path" cannot be assigned to parameter "path" of type "str" in function "echo_load"
    Type "str | Path" is not assignable to type "str"
      "Path" is not assignable to "str" (reportArgumentType)
  /home/gian/PyPLUTO/pyPLUTO/load.py:293:32 - error: Argument of type "int | str | list[int | str]" cannot be assigned to parameter "nout" of type "int" in function "_read_outfile"
    Type "int | str | list[int | str]" is not assignable to type "int"
      "str" is not assignable to "int" (reportArgumentType)
  /home/gian/PyPLUTO/pyPLUTO/load.py:293:38 - error: Argument of type "Any | None" cannot be assigned to parameter "endian" of type "str" in function "_read_outfile"
    Type "Any | None" is not assignable to type "str"
      "None" is not assignable to "str" (reportArgumentType)
/home/gian/PyPLUTO/pyPLUTO/loadfuncs/findfiles.py
  /home/gian/PyPLUTO/pyPLUTO/loadfuncs/findfiles.py:171:12 - error: "outc" is possibly unbound (reportPossiblyUnboundVariable)
/home/gian/PyPLUTO/pyPLUTO/loadfuncs/findformat.py
  /home/gian/PyPLUTO/pyPLUTO/loadfuncs/findformat.py:106:30 - error: "err" is possibly unbound (reportPossiblyUnboundVariable)
/home/gian/PyPLUTO/pyPLUTO/loadfuncs/loadvars.py
  /home/gian/PyPLUTO/pyPLUTO/loadfuncs/loadvars.py:143:24 - error: "mm" is possibly unbound (reportPossiblyUnboundVariable)
/home/gian/PyPLUTO/pyPLUTO/loadfuncs/offsetfluid.py
  /home/gian/PyPLUTO/pyPLUTO/loadfuncs/offsetfluid.py:180:23 - error: "__getitem__" method not defined on type "Datatype" (reportIndexIssue)
  /home/gian/PyPLUTO/pyPLUTO/loadfuncs/offsetfluid.py:180:23 - error: "__getitem__" method not defined on type "Datatype" (reportIndexIssue)
  /home/gian/PyPLUTO/pyPLUTO/loadfuncs/offsetfluid.py:180:23 - error: Cannot assign to attribute "x1" for class "OffsetFluid*"
    Type "Group | Dataset | Datatype | Unknown" is not assignable to type "NDArray[Any]"
      "Dataset" is not assignable to "ndarray[_AnyShape, dtype[Any]]" (reportAttributeAccessIssue)
  /home/gian/PyPLUTO/pyPLUTO/loadfuncs/offsetfluid.py:181:23 - error: "__getitem__" method not defined on type "Datatype" (reportIndexIssue)
  /home/gian/PyPLUTO/pyPLUTO/loadfuncs/offsetfluid.py:181:23 - error: "__getitem__" method not defined on type "Datatype" (reportIndexIssue)
  /home/gian/PyPLUTO/pyPLUTO/loadfuncs/offsetfluid.py:181:23 - error: Cannot assign to attribute "x2" for class "OffsetFluid*"
    Type "Group | Dataset | Datatype | Unknown" is not assignable to type "NDArray[Any]"
      "Dataset" is not assignable to "ndarray[_AnyShape, dtype[Any]]" (reportAttributeAccessIssue)
  /home/gian/PyPLUTO/pyPLUTO/loadfuncs/offsetfluid.py:182:23 - error: "__getitem__" method not defined on type "Datatype" (reportIndexIssue)
  /home/gian/PyPLUTO/pyPLUTO/loadfuncs/offsetfluid.py:182:23 - error: "__getitem__" method not defined on type "Datatype" (reportIndexIssue)
  /home/gian/PyPLUTO/pyPLUTO/loadfuncs/offsetfluid.py:182:23 - error: Cannot assign to attribute "x3" for class "OffsetFluid*"
    Type "Group | Dataset | Datatype | Unknown" is not assignable to type "NDArray[Any]"
      "Dataset" is not assignable to "ndarray[_AnyShape, dtype[Any]]" (reportAttributeAccessIssue)
  /home/gian/PyPLUTO/pyPLUTO/loadfuncs/offsetfluid.py:183:24 - error: "__getitem__" method not defined on type "Datatype" (reportIndexIssue)
  /home/gian/PyPLUTO/pyPLUTO/loadfuncs/offsetfluid.py:183:24 - error: "__getitem__" method not defined on type "Datatype" (reportIndexIssue)
  /home/gian/PyPLUTO/pyPLUTO/loadfuncs/offsetfluid.py:183:24 - error: Cannot assign to attribute "x1r" for class "OffsetFluid*"
    Type "Group | Dataset | Datatype | Unknown" is not assignable to type "NDArray[Any]"
      "Dataset" is not assignable to "ndarray[_AnyShape, dtype[Any]]" (reportAttributeAccessIssue)
  /home/gian/PyPLUTO/pyPLUTO/loadfuncs/offsetfluid.py:184:24 - error: "__getitem__" method not defined on type "Datatype" (reportIndexIssue)
  /home/gian/PyPLUTO/pyPLUTO/loadfuncs/offsetfluid.py:184:24 - error: "__getitem__" method not defined on type "Datatype" (reportIndexIssue)
  /home/gian/PyPLUTO/pyPLUTO/loadfuncs/offsetfluid.py:184:24 - error: Cannot assign to attribute "x2r" for class "OffsetFluid*"
    Type "Group | Dataset | Datatype | Unknown" is not assignable to type "NDArray[Any]"
      "Dataset" is not assignable to "ndarray[_AnyShape, dtype[Any]]" (reportAttributeAccessIssue)
  /home/gian/PyPLUTO/pyPLUTO/loadfuncs/offsetfluid.py:185:24 - error: "__getitem__" method not defined on type "Datatype" (reportIndexIssue)
  /home/gian/PyPLUTO/pyPLUTO/loadfuncs/offsetfluid.py:185:24 - error: "__getitem__" method not defined on type "Datatype" (reportIndexIssue)
  /home/gian/PyPLUTO/pyPLUTO/loadfuncs/offsetfluid.py:185:24 - error: Cannot assign to attribute "x3r" for class "OffsetFluid*"
    Type "Group | Dataset | Datatype | Unknown" is not assignable to type "NDArray[Any]"
      "Dataset" is not assignable to "ndarray[_AnyShape, dtype[Any]]" (reportAttributeAccessIssue)
/home/gian/PyPLUTO/pyPLUTO/loadfuncs/read_files.py
  /home/gian/PyPLUTO/pyPLUTO/loadfuncs/read_files.py:64:30 - error: "__getitem__" method not defined on type "Datatype" (reportIndexIssue)
  /home/gian/PyPLUTO/pyPLUTO/loadfuncs/read_files.py:66:12 - error: Type "dict[Unknown, Unknown]" is not assignable to return type "None"
    "dict[Unknown, Unknown]" is not assignable to "None" (reportReturnType)
  /home/gian/PyPLUTO/pyPLUTO/loadfuncs/read_files.py:155:50 - error: Object of type "None" cannot be used as iterable value (reportOptionalIterable)
  /home/gian/PyPLUTO/pyPLUTO/loadfuncs/read_files.py:160:12 - error: Type "dict[str, ndarray[_AnyShape, dtype[Any]]]" is not assignable to return type "None"
    "dict[str, ndarray[_AnyShape, dtype[Any]]]" is not assignable to "None" (reportReturnType)
  /home/gian/PyPLUTO/pyPLUTO/loadfuncs/read_files.py:213:12 - error: "res" is possibly unbound (reportPossiblyUnboundVariable)
/home/gian/PyPLUTO/pyPLUTO/loadfuncs/readdata.py
  /home/gian/PyPLUTO/pyPLUTO/loadfuncs/readdata.py:198:24 - error: "mm" is possibly unbound (reportPossiblyUnboundVariable)
/home/gian/PyPLUTO/pyPLUTO/loadfuncs/readdata_old.py
  /home/gian/PyPLUTO/pyPLUTO/loadfuncs/readdata_old.py:176:35 - error: "start_byte" is possibly unbound (reportPossiblyUnboundVariable)
  /home/gian/PyPLUTO/pyPLUTO/loadfuncs/readdata_old.py:185:24 - error: "file_memmap" is possibly unbound (reportPossiblyUnboundVariable)
/home/gian/PyPLUTO/pyPLUTO/loadfuncs/readfluid.py
  /home/gian/PyPLUTO/pyPLUTO/loadfuncs/readfluid.py:213:63 - error: "nshp_grid" is possibly unbound (reportPossiblyUnboundVariable)
  /home/gian/PyPLUTO/pyPLUTO/loadfuncs/readfluid.py:332:18 - error: "__getitem__" method not defined on type "Datatype" (reportIndexIssue)
  /home/gian/PyPLUTO/pyPLUTO/loadfuncs/readfluid.py:336:18 - error: "__getitem__" method not defined on type "Datatype" (reportIndexIssue)
  /home/gian/PyPLUTO/pyPLUTO/loadfuncs/readfluid.py:343:50 - error: Cannot access attribute "keys" for class "Dataset"
    Attribute "keys" is unknown (reportAttributeAccessIssue)
  /home/gian/PyPLUTO/pyPLUTO/loadfuncs/readfluid.py:343:50 - error: Cannot access attribute "keys" for class "Datatype"
    Attribute "keys" is unknown (reportAttributeAccessIssue)
  /home/gian/PyPLUTO/pyPLUTO/loadfuncs/readfluid.py:343:71 - error: Cannot access attribute "keys" for class "Dataset"
    Attribute "keys" is unknown (reportAttributeAccessIssue)
  /home/gian/PyPLUTO/pyPLUTO/loadfuncs/readfluid.py:343:71 - error: Cannot access attribute "keys" for class "Datatype"
    Attribute "keys" is unknown (reportAttributeAccessIssue)
  /home/gian/PyPLUTO/pyPLUTO/loadfuncs/readfluid.py:350:31 - error: "__getitem__" method not defined on type "Datatype" (reportIndexIssue)
  /home/gian/PyPLUTO/pyPLUTO/loadfuncs/readfluid.py:351:30 - error: "__getitem__" method not defined on type "Datatype" (reportIndexIssue)
  /home/gian/PyPLUTO/pyPLUTO/loadfuncs/readfluid.py:351:40 - error: Cannot access attribute "shape" for class "Group"
    Attribute "shape" is unknown (reportAttributeAccessIssue)
  /home/gian/PyPLUTO/pyPLUTO/loadfuncs/readfluid.py:351:40 - error: Cannot access attribute "shape" for class "Datatype"
    Attribute "shape" is unknown (reportAttributeAccessIssue)
  /home/gian/PyPLUTO/pyPLUTO/loadfuncs/readfluid.py:353:31 - error: "__getitem__" method not defined on type "Datatype" (reportIndexIssue)
  /home/gian/PyPLUTO/pyPLUTO/loadfuncs/readfluid.py:354:30 - error: "__getitem__" method not defined on type "Datatype" (reportIndexIssue)
  /home/gian/PyPLUTO/pyPLUTO/loadfuncs/readfluid.py:354:40 - error: Cannot access attribute "shape" for class "Group"
    Attribute "shape" is unknown (reportAttributeAccessIssue)
  /home/gian/PyPLUTO/pyPLUTO/loadfuncs/readfluid.py:354:40 - error: Cannot access attribute "shape" for class "Datatype"
    Attribute "shape" is unknown (reportAttributeAccessIssue)
  /home/gian/PyPLUTO/pyPLUTO/loadfuncs/readfluid.py:360:19 - error: "__getitem__" method not defined on type "Datatype" (reportIndexIssue)
  /home/gian/PyPLUTO/pyPLUTO/loadfuncs/readfluid.py:360:19 - error: "__getitem__" method not defined on type "Datatype" (reportIndexIssue)
  /home/gian/PyPLUTO/pyPLUTO/loadfuncs/readfluid.py:361:19 - error: "__getitem__" method not defined on type "Datatype" (reportIndexIssue)
  /home/gian/PyPLUTO/pyPLUTO/loadfuncs/readfluid.py:361:19 - error: "__getitem__" method not defined on type "Datatype" (reportIndexIssue)
  /home/gian/PyPLUTO/pyPLUTO/loadfuncs/readfluid.py:362:19 - error: "__getitem__" method not defined on type "Datatype" (reportIndexIssue)
  /home/gian/PyPLUTO/pyPLUTO/loadfuncs/readfluid.py:362:19 - error: "__getitem__" method not defined on type "Datatype" (reportIndexIssue)
  /home/gian/PyPLUTO/pyPLUTO/loadfuncs/readfluid.py:363:20 - error: "__getitem__" method not defined on type "Datatype" (reportIndexIssue)
  /home/gian/PyPLUTO/pyPLUTO/loadfuncs/readfluid.py:363:20 - error: "__getitem__" method not defined on type "Datatype" (reportIndexIssue)
  /home/gian/PyPLUTO/pyPLUTO/loadfuncs/readfluid.py:364:20 - error: "__getitem__" method not defined on type "Datatype" (reportIndexIssue)
  /home/gian/PyPLUTO/pyPLUTO/loadfuncs/readfluid.py:364:20 - error: "__getitem__" method not defined on type "Datatype" (reportIndexIssue)
  /home/gian/PyPLUTO/pyPLUTO/loadfuncs/readfluid.py:365:20 - error: "__getitem__" method not defined on type "Datatype" (reportIndexIssue)
  /home/gian/PyPLUTO/pyPLUTO/loadfuncs/readfluid.py:365:20 - error: "__getitem__" method not defined on type "Datatype" (reportIndexIssue)
/home/gian/PyPLUTO/pyPLUTO/loadfuncs/readformat.py
  /home/gian/PyPLUTO/pyPLUTO/loadfuncs/readformat.py:144:26 - error: "err" is possibly unbound (reportPossiblyUnboundVariable)
/home/gian/PyPLUTO/pyPLUTO/loadfuncs/readgridfile.py
  /home/gian/PyPLUTO/pyPLUTO/loadfuncs/readgridfile.py:82:18 - error: Declaration "nshp" is obscured by a declaration of the same name (reportRedeclaration)
  /home/gian/PyPLUTO/pyPLUTO/loadfuncs/readgridfile.py:82:30 - error: Cannot assign to attribute "nshp" for class "GridFileManager*"
    "int" is not assignable to "tuple[int, int, int]" (reportAttributeAccessIssue)
  /home/gian/PyPLUTO/pyPLUTO/loadfuncs/readgridfile.py:83:18 - error: Declaration "nshp_st1" is obscured by a declaration of the same name (reportRedeclaration)
  /home/gian/PyPLUTO/pyPLUTO/loadfuncs/readgridfile.py:83:34 - error: Cannot assign to attribute "nshp_st1" for class "GridFileManager*"
    "int" is not assignable to "tuple[int, int, int]" (reportAttributeAccessIssue)
  /home/gian/PyPLUTO/pyPLUTO/loadfuncs/readgridfile.py:84:29 - error: Cannot assign to attribute "nshp_st2" for class "GridFileManager*"
    "None" is not assignable to "tuple[int, int, int]" (reportAttributeAccessIssue)
  /home/gian/PyPLUTO/pyPLUTO/loadfuncs/readgridfile.py:85:34 - error: Type annotation not supported for this statement (reportInvalidTypeForm)
  /home/gian/PyPLUTO/pyPLUTO/loadfuncs/readgridfile.py:88:18 - error: Declaration "nshp" is obscured by a declaration of the same name (reportRedeclaration)
  /home/gian/PyPLUTO/pyPLUTO/loadfuncs/readgridfile.py:88:42 - error: Cannot assign to attribute "nshp" for class "GridFileManager*"
    "tuple[int, int]" is not assignable to "tuple[int, int, int]"
      Tuple size mismatch; expected 3 but received 2 (reportAttributeAccessIssue)
  /home/gian/PyPLUTO/pyPLUTO/loadfuncs/readgridfile.py:89:18 - error: Declaration "nshp_st1" is obscured by a declaration of the same name (reportRedeclaration)
  /home/gian/PyPLUTO/pyPLUTO/loadfuncs/readgridfile.py:89:46 - error: Cannot assign to attribute "nshp_st1" for class "GridFileManager*"
    "tuple[int, int]" is not assignable to "tuple[int, int, int]"
      Tuple size mismatch; expected 3 but received 2 (reportAttributeAccessIssue)
  /home/gian/PyPLUTO/pyPLUTO/loadfuncs/readgridfile.py:90:18 - error: Declaration "nshp_st2" is obscured by a declaration of the same name (reportRedeclaration)
  /home/gian/PyPLUTO/pyPLUTO/loadfuncs/readgridfile.py:90:46 - error: Cannot assign to attribute "nshp_st2" for class "GridFileManager*"
    "tuple[int, int]" is not assignable to "tuple[int, int, int]"
      Tuple size mismatch; expected 3 but received 2 (reportAttributeAccessIssue)
  /home/gian/PyPLUTO/pyPLUTO/loadfuncs/readgridfile.py:97:34 - error: Type annotation not supported for this statement (reportInvalidTypeForm)
/home/gian/PyPLUTO/pyPLUTO/toolfuncs/findlines.py
  /home/gian/PyPLUTO/pyPLUTO/toolfuncs/findlines.py:58:19 - error: Cannot access attribute "T" for class "str"
    Attribute "T" is unknown (reportAttributeAccessIssue)
  /home/gian/PyPLUTO/pyPLUTO/toolfuncs/findlines.py:61:12 - error: Type "Unknown | NDArray[Unknown] | str" is not assignable to return type "ndarray[_AnyShape, dtype[Any]]"
    Type "Unknown | NDArray[Unknown] | str" is not assignable to type "ndarray[_AnyShape, dtype[Any]]"
      "str" is not assignable to "ndarray[_AnyShape, dtype[Any]]" (reportReturnType)
  /home/gian/PyPLUTO/pyPLUTO/toolfuncs/findlines.py:305:20 - error: Cannot assign to attribute "terminal" for class "FunctionType"
    Attribute "terminal" is unknown (reportFunctionMemberAccess)
  /home/gian/PyPLUTO/pyPLUTO/toolfuncs/findlines.py:308:20 - error: Cannot assign to attribute "direction" for class "FunctionType"
    Attribute "direction" is unknown (reportFunctionMemberAccess)
  /home/gian/PyPLUTO/pyPLUTO/toolfuncs/findlines.py:310:20 - error: Cannot assign to attribute "terminal" for class "FunctionType"
    Attribute "terminal" is unknown (reportFunctionMemberAccess)
  /home/gian/PyPLUTO/pyPLUTO/toolfuncs/findlines.py:311:20 - error: Cannot assign to attribute "direction" for class "FunctionType"
    Attribute "direction" is unknown (reportFunctionMemberAccess)
  /home/gian/PyPLUTO/pyPLUTO/toolfuncs/findlines.py:313:19 - error: Cannot assign to attribute "terminal" for class "FunctionType"
    Attribute "terminal" is unknown (reportFunctionMemberAccess)
  /home/gian/PyPLUTO/pyPLUTO/toolfuncs/findlines.py:314:19 - error: Cannot assign to attribute "direction" for class "FunctionType"
    Attribute "direction" is unknown (reportFunctionMemberAccess)
  /home/gian/PyPLUTO/pyPLUTO/toolfuncs/findlines.py:532:40 - error: Argument of type "Any | None" cannot be assigned to parameter "colors" of type "ArrayLike | ColorType" in function "__init__"
    Type "Any | None" is not assignable to type "ArrayLike | ColorType"
      Type "None" is not assignable to type "ArrayLike | ColorType"
        "None" is incompatible with protocol "Buffer"
          "__buffer__" is not present
        "None" is incompatible with protocol "_SupportsArray[dtype[Any]]"
          "__array__" is not present
        "None" is incompatible with protocol "_NestedSequence[_SupportsArray[dtype[Any]]]"
          "__len__" is not present
    ... (reportArgumentType)
  /home/gian/PyPLUTO/pyPLUTO/toolfuncs/findlines.py:544:19 - error: No overloads for "__getitem__" match the provided arguments (reportCallIssue)
  /home/gian/PyPLUTO/pyPLUTO/toolfuncs/findlines.py:544:19 - error: Argument of type "tuple[slice[None, None, None], Literal[0]]" cannot be assigned to parameter "s" of type "slice[Any, Any, Any]" in function "__getitem__"
    "tuple[slice[None, None, None], Literal[0]]" is not assignable to "slice[Any, Any, Any]" (reportArgumentType)
  /home/gian/PyPLUTO/pyPLUTO/toolfuncs/findlines.py:545:19 - error: No overloads for "__getitem__" match the provided arguments (reportCallIssue)
  /home/gian/PyPLUTO/pyPLUTO/toolfuncs/findlines.py:545:19 - error: Argument of type "tuple[slice[None, None, None], Literal[1]]" cannot be assigned to parameter "s" of type "slice[Any, Any, Any]" in function "__getitem__"
    "tuple[slice[None, None, None], Literal[1]]" is not assignable to "slice[Any, Any, Any]" (reportArgumentType)
/home/gian/PyPLUTO/pyPLUTO/toolfuncs/nabla.py
  /home/gian/PyPLUTO/pyPLUTO/toolfuncs/nabla.py:86:12 - error: Type "tuple[signedinteger[_NBitIntP], signedinteger[_NBitIntP] | int, int | signedinteger[_NBitIntP]]" is not assignable to return type "list[int]"
    "tuple[signedinteger[_NBitIntP], signedinteger[_NBitIntP] | int, int | signedinteger[_NBitIntP]]" is not assignable to "list[int]" (reportReturnType)
  /home/gian/PyPLUTO/pyPLUTO/toolfuncs/nabla.py:149:6 - error: Function with declared return type "ndarray[_AnyShape, dtype[Any]]" must return value on all code paths
    "None" is not assignable to "ndarray[_AnyShape, dtype[Any]]" (reportReturnType)
  /home/gian/PyPLUTO/pyPLUTO/toolfuncs/nabla.py:216:16 - error: No overloads for "gradient" match the provided arguments (reportCallIssue)
  /home/gian/PyPLUTO/pyPLUTO/toolfuncs/nabla.py:216:69 - error: Argument of type "int" cannot be assigned to parameter "edge_order" of type "Literal[1, 2]" in function "gradient"
    Type "int" is not assignable to type "Literal[1, 2]"
      "int" is not assignable to type "Literal[1]"
      "int" is not assignable to type "Literal[2]" (reportArgumentType)
  /home/gian/PyPLUTO/pyPLUTO/toolfuncs/nabla.py:220:16 - error: No overloads for "gradient" match the provided arguments (reportCallIssue)
  /home/gian/PyPLUTO/pyPLUTO/toolfuncs/nabla.py:224:24 - error: Argument of type "int" cannot be assigned to parameter "edge_order" of type "Literal[1, 2]" in function "gradient"
    Type "int" is not assignable to type "Literal[1, 2]"
      "int" is not assignable to type "Literal[1]"
      "int" is not assignable to type "Literal[2]" (reportArgumentType)
  /home/gian/PyPLUTO/pyPLUTO/toolfuncs/nabla.py:235:20 - error: No overloads for "gradient" match the provided arguments (reportCallIssue)
  /home/gian/PyPLUTO/pyPLUTO/toolfuncs/nabla.py:239:28 - error: Argument of type "int" cannot be assigned to parameter "edge_order" of type "Literal[1, 2]" in function "gradient"
    Type "int" is not assignable to type "Literal[1, 2]"
      "int" is not assignable to type "Literal[1]"
      "int" is not assignable to type "Literal[2]" (reportArgumentType)
  /home/gian/PyPLUTO/pyPLUTO/toolfuncs/nabla.py:251:20 - error: No overloads for "gradient" match the provided arguments (reportCallIssue)
  /home/gian/PyPLUTO/pyPLUTO/toolfuncs/nabla.py:256:28 - error: Argument of type "int" cannot be assigned to parameter "edge_order" of type "Literal[1, 2]" in function "gradient"
    Type "int" is not assignable to type "Literal[1, 2]"
      "int" is not assignable to type "Literal[1]"
      "int" is not assignable to type "Literal[2]" (reportArgumentType)
  /home/gian/PyPLUTO/pyPLUTO/toolfuncs/nabla.py:282:6 - error: Function with declared return type "ndarray[_AnyShape, dtype[Any]]" must return value on all code paths
    "None" is not assignable to "ndarray[_AnyShape, dtype[Any]]" (reportReturnType)
  /home/gian/PyPLUTO/pyPLUTO/toolfuncs/nabla.py:353:24 - error: Object of type "None" is not subscriptable (reportOptionalSubscript)
  /home/gian/PyPLUTO/pyPLUTO/toolfuncs/nabla.py:362:16 - error: No overloads for "gradient" match the provided arguments (reportCallIssue)
  /home/gian/PyPLUTO/pyPLUTO/toolfuncs/nabla.py:362:49 - error: Argument of type "int" cannot be assigned to parameter "edge_order" of type "Literal[1, 2]" in function "gradient"
    Type "int" is not assignable to type "Literal[1, 2]"
      "int" is not assignable to type "Literal[1]"
      "int" is not assignable to type "Literal[2]" (reportArgumentType)
  /home/gian/PyPLUTO/pyPLUTO/toolfuncs/nabla.py:372:24 - error: Object of type "None" is not subscriptable (reportOptionalSubscript)
  /home/gian/PyPLUTO/pyPLUTO/toolfuncs/nabla.py:373:24 - error: Object of type "None" is not subscriptable (reportOptionalSubscript)
  /home/gian/PyPLUTO/pyPLUTO/toolfuncs/nabla.py:386:16 - error: No overloads for "gradient" match the provided arguments (reportCallIssue)
  /home/gian/PyPLUTO/pyPLUTO/toolfuncs/nabla.py:386:70 - error: Argument of type "int" cannot be assigned to parameter "edge_order" of type "Literal[1, 2]" in function "gradient"
    Type "int" is not assignable to type "Literal[1, 2]"
      "int" is not assignable to type "Literal[1]"
      "int" is not assignable to type "Literal[2]" (reportArgumentType)
  /home/gian/PyPLUTO/pyPLUTO/toolfuncs/nabla.py:387:16 - error: No overloads for "gradient" match the provided arguments (reportCallIssue)
  /home/gian/PyPLUTO/pyPLUTO/toolfuncs/nabla.py:387:70 - error: Argument of type "int" cannot be assigned to parameter "edge_order" of type "Literal[1, 2]" in function "gradient"
    Type "int" is not assignable to type "Literal[1, 2]"
      "int" is not assignable to type "Literal[1]"
      "int" is not assignable to type "Literal[2]" (reportArgumentType)
  /home/gian/PyPLUTO/pyPLUTO/toolfuncs/nabla.py:390:21 - error: "rr" is possibly unbound (reportPossiblyUnboundVariable)
  /home/gian/PyPLUTO/pyPLUTO/toolfuncs/nabla.py:392:25 - error: "rr" is possibly unbound (reportPossiblyUnboundVariable)
  /home/gian/PyPLUTO/pyPLUTO/toolfuncs/nabla.py:394:21 - error: "rr" is possibly unbound (reportPossiblyUnboundVariable)
  /home/gian/PyPLUTO/pyPLUTO/toolfuncs/nabla.py:395:21 - error: "rr" is possibly unbound (reportPossiblyUnboundVariable)
  /home/gian/PyPLUTO/pyPLUTO/toolfuncs/nabla.py:395:33 - error: "tt" is possibly unbound (reportPossiblyUnboundVariable)
  /home/gian/PyPLUTO/pyPLUTO/toolfuncs/nabla.py:401:28 - error: Object of type "None" is not subscriptable (reportOptionalSubscript)
  /home/gian/PyPLUTO/pyPLUTO/toolfuncs/nabla.py:402:28 - error: Object of type "None" is not subscriptable (reportOptionalSubscript)
  /home/gian/PyPLUTO/pyPLUTO/toolfuncs/nabla.py:414:20 - error: No overloads for "gradient" match the provided arguments (reportCallIssue)
  /home/gian/PyPLUTO/pyPLUTO/toolfuncs/nabla.py:415:59 - error: Argument of type "int" cannot be assigned to parameter "edge_order" of type "Literal[1, 2]" in function "gradient"
    Type "int" is not assignable to type "Literal[1, 2]"
      "int" is not assignable to type "Literal[1]"
      "int" is not assignable to type "Literal[2]" (reportArgumentType)
  /home/gian/PyPLUTO/pyPLUTO/toolfuncs/nabla.py:417:20 - error: No overloads for "gradient" match the provided arguments (reportCallIssue)
  /home/gian/PyPLUTO/pyPLUTO/toolfuncs/nabla.py:418:59 - error: Argument of type "int" cannot be assigned to parameter "edge_order" of type "Literal[1, 2]" in function "gradient"
    Type "int" is not assignable to type "Literal[1, 2]"
      "int" is not assignable to type "Literal[1]"
      "int" is not assignable to type "Literal[2]" (reportArgumentType)
  /home/gian/PyPLUTO/pyPLUTO/toolfuncs/nabla.py:422:25 - error: "rr" is possibly unbound (reportPossiblyUnboundVariable)
  /home/gian/PyPLUTO/pyPLUTO/toolfuncs/nabla.py:424:25 - error: "rr" is possibly unbound (reportPossiblyUnboundVariable)
  /home/gian/PyPLUTO/pyPLUTO/toolfuncs/nabla.py:425:25 - error: "rr" is possibly unbound (reportPossiblyUnboundVariable)
  /home/gian/PyPLUTO/pyPLUTO/toolfuncs/nabla.py:430:28 - error: Object of type "None" is not subscriptable (reportOptionalSubscript)
  /home/gian/PyPLUTO/pyPLUTO/toolfuncs/nabla.py:431:28 - error: Object of type "None" is not subscriptable (reportOptionalSubscript)
  /home/gian/PyPLUTO/pyPLUTO/toolfuncs/nabla.py:432:28 - error: Object of type "None" is not subscriptable (reportOptionalSubscript)
  /home/gian/PyPLUTO/pyPLUTO/toolfuncs/nabla.py:448:20 - error: No overloads for "gradient" match the provided arguments (reportCallIssue)
  /home/gian/PyPLUTO/pyPLUTO/toolfuncs/nabla.py:449:59 - error: Argument of type "int" cannot be assigned to parameter "edge_order" of type "Literal[1, 2]" in function "gradient"
    Type "int" is not assignable to type "Literal[1, 2]"
      "int" is not assignable to type "Literal[1]"
      "int" is not assignable to type "Literal[2]" (reportArgumentType)
  /home/gian/PyPLUTO/pyPLUTO/toolfuncs/nabla.py:451:20 - error: No overloads for "gradient" match the provided arguments (reportCallIssue)
  /home/gian/PyPLUTO/pyPLUTO/toolfuncs/nabla.py:452:59 - error: Argument of type "int" cannot be assigned to parameter "edge_order" of type "Literal[1, 2]" in function "gradient"
    Type "int" is not assignable to type "Literal[1, 2]"
      "int" is not assignable to type "Literal[1]"
      "int" is not assignable to type "Literal[2]" (reportArgumentType)
  /home/gian/PyPLUTO/pyPLUTO/toolfuncs/nabla.py:454:20 - error: No overloads for "gradient" match the provided arguments (reportCallIssue)
  /home/gian/PyPLUTO/pyPLUTO/toolfuncs/nabla.py:455:59 - error: Argument of type "int" cannot be assigned to parameter "edge_order" of type "Literal[1, 2]" in function "gradient"
    Type "int" is not assignable to type "Literal[1, 2]"
      "int" is not assignable to type "Literal[1]"
      "int" is not assignable to type "Literal[2]" (reportArgumentType)
  /home/gian/PyPLUTO/pyPLUTO/toolfuncs/nabla.py:459:25 - error: "rr" is possibly unbound (reportPossiblyUnboundVariable)
  /home/gian/PyPLUTO/pyPLUTO/toolfuncs/nabla.py:460:25 - error: "rr" is possibly unbound (reportPossiblyUnboundVariable)
  /home/gian/PyPLUTO/pyPLUTO/toolfuncs/nabla.py:462:25 - error: "rr" is possibly unbound (reportPossiblyUnboundVariable)
  /home/gian/PyPLUTO/pyPLUTO/toolfuncs/nabla.py:463:25 - error: "rr" is possibly unbound (reportPossiblyUnboundVariable)
  /home/gian/PyPLUTO/pyPLUTO/toolfuncs/nabla.py:463:37 - error: "tt" is possibly unbound (reportPossiblyUnboundVariable)
  /home/gian/PyPLUTO/pyPLUTO/toolfuncs/nabla.py:464:25 - error: "rr" is possibly unbound (reportPossiblyUnboundVariable)
  /home/gian/PyPLUTO/pyPLUTO/toolfuncs/nabla.py:464:37 - error: "tt" is possibly unbound (reportPossiblyUnboundVariable)
  /home/gian/PyPLUTO/pyPLUTO/toolfuncs/nabla.py:478:6 - error: Function with declared return type "ndarray[_AnyShape, dtype[Any]]" must return value on all code paths
    "None" is not assignable to "ndarray[_AnyShape, dtype[Any]]" (reportReturnType)
  /home/gian/PyPLUTO/pyPLUTO/toolfuncs/nabla.py:554:24 - error: Object of type "None" is not subscriptable (reportOptionalSubscript)
  /home/gian/PyPLUTO/pyPLUTO/toolfuncs/nabla.py:555:24 - error: Object of type "None" is not subscriptable (reportOptionalSubscript)
  /home/gian/PyPLUTO/pyPLUTO/toolfuncs/nabla.py:556:24 - error: Object of type "None" is not subscriptable (reportOptionalSubscript)
  /home/gian/PyPLUTO/pyPLUTO/toolfuncs/nabla.py:571:19 - error: No overloads for "gradient" match the provided arguments (reportCallIssue)
  /home/gian/PyPLUTO/pyPLUTO/toolfuncs/nabla.py:571:65 - error: Argument of type "int" cannot be assigned to parameter "edge_order" of type "Literal[1, 2]" in function "gradient"
    Type "int" is not assignable to type "Literal[1, 2]"
      "int" is not assignable to type "Literal[1]"
      "int" is not assignable to type "Literal[2]" (reportArgumentType)
  /home/gian/PyPLUTO/pyPLUTO/toolfuncs/nabla.py:572:19 - error: No overloads for "gradient" match the provided arguments (reportCallIssue)
  /home/gian/PyPLUTO/pyPLUTO/toolfuncs/nabla.py:572:65 - error: Argument of type "int" cannot be assigned to parameter "edge_order" of type "Literal[1, 2]" in function "gradient"
    Type "int" is not assignable to type "Literal[1, 2]"
      "int" is not assignable to type "Literal[1]"
      "int" is not assignable to type "Literal[2]" (reportArgumentType)
  /home/gian/PyPLUTO/pyPLUTO/toolfuncs/nabla.py:573:28 - error: No overloads for "gradient" match the provided arguments (reportCallIssue)
  /home/gian/PyPLUTO/pyPLUTO/toolfuncs/nabla.py:574:48 - error: Argument of type "int" cannot be assigned to parameter "edge_order" of type "Literal[1, 2]" in function "gradient"
    Type "int" is not assignable to type "Literal[1, 2]"
      "int" is not assignable to type "Literal[1]"
      "int" is not assignable to type "Literal[2]" (reportArgumentType)
  /home/gian/PyPLUTO/pyPLUTO/toolfuncs/nabla.py:586:22 - error: "rr" is possibly unbound (reportPossiblyUnboundVariable)
  /home/gian/PyPLUTO/pyPLUTO/toolfuncs/nabla.py:587:22 - error: "rr" is possibly unbound (reportPossiblyUnboundVariable)
  /home/gian/PyPLUTO/pyPLUTO/toolfuncs/nabla.py:589:22 - error: "rr" is possibly unbound (reportPossiblyUnboundVariable)
  /home/gian/PyPLUTO/pyPLUTO/toolfuncs/nabla.py:590:22 - error: "rr" is possibly unbound (reportPossiblyUnboundVariable)
  /home/gian/PyPLUTO/pyPLUTO/toolfuncs/nabla.py:592:22 - error: "rr" is possibly unbound (reportPossiblyUnboundVariable)
  /home/gian/PyPLUTO/pyPLUTO/toolfuncs/nabla.py:592:37 - error: "tt" is possibly unbound (reportPossiblyUnboundVariable)
  /home/gian/PyPLUTO/pyPLUTO/toolfuncs/nabla.py:593:22 - error: "rr" is possibly unbound (reportPossiblyUnboundVariable)
  /home/gian/PyPLUTO/pyPLUTO/toolfuncs/nabla.py:593:34 - error: "tt" is possibly unbound (reportPossiblyUnboundVariable)
  /home/gian/PyPLUTO/pyPLUTO/toolfuncs/nabla.py:594:22 - error: "rr" is possibly unbound (reportPossiblyUnboundVariable)
  /home/gian/PyPLUTO/pyPLUTO/toolfuncs/nabla.py:600:28 - error: Object of type "None" is not subscriptable (reportOptionalSubscript)
  /home/gian/PyPLUTO/pyPLUTO/toolfuncs/nabla.py:601:28 - error: Object of type "None" is not subscriptable (reportOptionalSubscript)
  /home/gian/PyPLUTO/pyPLUTO/toolfuncs/nabla.py:602:28 - error: Object of type "None" is not subscriptable (reportOptionalSubscript)
  /home/gian/PyPLUTO/pyPLUTO/toolfuncs/nabla.py:615:23 - error: No overloads for "gradient" match the provided arguments (reportCallIssue)
  /home/gian/PyPLUTO/pyPLUTO/toolfuncs/nabla.py:615:69 - error: Argument of type "int" cannot be assigned to parameter "edge_order" of type "Literal[1, 2]" in function "gradient"
    Type "int" is not assignable to type "Literal[1, 2]"
      "int" is not assignable to type "Literal[1]"
      "int" is not assignable to type "Literal[2]" (reportArgumentType)
  /home/gian/PyPLUTO/pyPLUTO/toolfuncs/nabla.py:616:32 - error: No overloads for "gradient" match the provided arguments (reportCallIssue)
  /home/gian/PyPLUTO/pyPLUTO/toolfuncs/nabla.py:617:52 - error: Argument of type "int" cannot be assigned to parameter "edge_order" of type "Literal[1, 2]" in function "gradient"
    Type "int" is not assignable to type "Literal[1, 2]"
      "int" is not assignable to type "Literal[1]"
      "int" is not assignable to type "Literal[2]" (reportArgumentType)
  /home/gian/PyPLUTO/pyPLUTO/toolfuncs/nabla.py:619:23 - error: No overloads for "gradient" match the provided arguments (reportCallIssue)
  /home/gian/PyPLUTO/pyPLUTO/toolfuncs/nabla.py:619:69 - error: Argument of type "int" cannot be assigned to parameter "edge_order" of type "Literal[1, 2]" in function "gradient"
    Type "int" is not assignable to type "Literal[1, 2]"
      "int" is not assignable to type "Literal[1]"
      "int" is not assignable to type "Literal[2]" (reportArgumentType)
  /home/gian/PyPLUTO/pyPLUTO/toolfuncs/nabla.py:626:26 - error: "rr" is possibly unbound (reportPossiblyUnboundVariable)
  /home/gian/PyPLUTO/pyPLUTO/toolfuncs/nabla.py:627:26 - error: "rr" is possibly unbound (reportPossiblyUnboundVariable)
  /home/gian/PyPLUTO/pyPLUTO/toolfuncs/nabla.py:629:26 - error: "rr" is possibly unbound (reportPossiblyUnboundVariable)
  /home/gian/PyPLUTO/pyPLUTO/toolfuncs/nabla.py:630:26 - error: "rr" is possibly unbound (reportPossiblyUnboundVariable)
  /home/gian/PyPLUTO/pyPLUTO/toolfuncs/nabla.py:631:26 - error: "rr" is possibly unbound (reportPossiblyUnboundVariable)
  /home/gian/PyPLUTO/pyPLUTO/toolfuncs/nabla.py:636:28 - error: Object of type "None" is not subscriptable (reportOptionalSubscript)
  /home/gian/PyPLUTO/pyPLUTO/toolfuncs/nabla.py:637:28 - error: Object of type "None" is not subscriptable (reportOptionalSubscript)
  /home/gian/PyPLUTO/pyPLUTO/toolfuncs/nabla.py:638:28 - error: Object of type "None" is not subscriptable (reportOptionalSubscript)
  /home/gian/PyPLUTO/pyPLUTO/toolfuncs/nabla.py:654:32 - error: No overloads for "gradient" match the provided arguments (reportCallIssue)
  /home/gian/PyPLUTO/pyPLUTO/toolfuncs/nabla.py:655:65 - error: Argument of type "int" cannot be assigned to parameter "edge_order" of type "Literal[1, 2]" in function "gradient"
    Type "int" is not assignable to type "Literal[1, 2]"
      "int" is not assignable to type "Literal[1]"
      "int" is not assignable to type "Literal[2]" (reportArgumentType)
  /home/gian/PyPLUTO/pyPLUTO/toolfuncs/nabla.py:657:32 - error: No overloads for "gradient" match the provided arguments (reportCallIssue)
  /home/gian/PyPLUTO/pyPLUTO/toolfuncs/nabla.py:658:65 - error: Argument of type "int" cannot be assigned to parameter "edge_order" of type "Literal[1, 2]" in function "gradient"
    Type "int" is not assignable to type "Literal[1, 2]"
      "int" is not assignable to type "Literal[1]"
      "int" is not assignable to type "Literal[2]" (reportArgumentType)
  /home/gian/PyPLUTO/pyPLUTO/toolfuncs/nabla.py:660:32 - error: No overloads for "gradient" match the provided arguments (reportCallIssue)
  /home/gian/PyPLUTO/pyPLUTO/toolfuncs/nabla.py:661:65 - error: Argument of type "int" cannot be assigned to parameter "edge_order" of type "Literal[1, 2]" in function "gradient"
    Type "int" is not assignable to type "Literal[1, 2]"
      "int" is not assignable to type "Literal[1]"
      "int" is not assignable to type "Literal[2]" (reportArgumentType)
  /home/gian/PyPLUTO/pyPLUTO/toolfuncs/nabla.py:669:26 - error: "rr" is possibly unbound (reportPossiblyUnboundVariable)
  /home/gian/PyPLUTO/pyPLUTO/toolfuncs/nabla.py:670:26 - error: "rr" is possibly unbound (reportPossiblyUnboundVariable)
  /home/gian/PyPLUTO/pyPLUTO/toolfuncs/nabla.py:672:26 - error: "rr" is possibly unbound (reportPossiblyUnboundVariable)
  /home/gian/PyPLUTO/pyPLUTO/toolfuncs/nabla.py:672:41 - error: "tt" is possibly unbound (reportPossiblyUnboundVariable)
  /home/gian/PyPLUTO/pyPLUTO/toolfuncs/nabla.py:673:26 - error: "rr" is possibly unbound (reportPossiblyUnboundVariable)
  /home/gian/PyPLUTO/pyPLUTO/toolfuncs/nabla.py:673:38 - error: "tt" is possibly unbound (reportPossiblyUnboundVariable)
  /home/gian/PyPLUTO/pyPLUTO/toolfuncs/nabla.py:674:26 - error: "rr" is possibly unbound (reportPossiblyUnboundVariable)
/home/gian/PyPLUTO/pyPLUTO/toolfuncs/parttools.py
  /home/gian/PyPLUTO/pyPLUTO/toolfuncs/parttools.py:54:31 - error: No overloads for "amin" match the provided arguments (reportCallIssue)
  /home/gian/PyPLUTO/pyPLUTO/toolfuncs/parttools.py:54:41 - error: Argument of type "Unknown | None" cannot be assigned to parameter "a" of type "ArrayLike" in function "amin"
    Type "Unknown | None" is not assignable to type "ArrayLike"
      Type "None" is not assignable to type "ArrayLike"
        "None" is incompatible with protocol "Buffer"
          "__buffer__" is not present
        "None" is incompatible with protocol "_SupportsArray[dtype[Any]]"
          "__array__" is not present
        "None" is incompatible with protocol "_NestedSequence[_SupportsArray[dtype[Any]]]"
          "__len__" is not present
    ... (reportArgumentType)
  /home/gian/PyPLUTO/pyPLUTO/toolfuncs/parttools.py:55:31 - error: No overloads for "amax" match the provided arguments (reportCallIssue)
  /home/gian/PyPLUTO/pyPLUTO/toolfuncs/parttools.py:55:41 - error: Argument of type "Unknown | None" cannot be assigned to parameter "a" of type "ArrayLike" in function "amax"
    Type "Unknown | None" is not assignable to type "ArrayLike"
      Type "None" is not assignable to type "ArrayLike"
        "None" is incompatible with protocol "Buffer"
          "__buffer__" is not present
        "None" is incompatible with protocol "_SupportsArray[dtype[Any]]"
          "__array__" is not present
        "None" is incompatible with protocol "_NestedSequence[_SupportsArray[dtype[Any]]]"
          "__len__" is not present
    ... (reportArgumentType)
  /home/gian/PyPLUTO/pyPLUTO/toolfuncs/parttools.py:71:9 - error: Argument of type "Unknown | None" cannot be assigned to parameter "a" of type "ArrayLike" in function "histogram"
    Type "Unknown | None" is not assignable to type "ArrayLike"
      Type "None" is not assignable to type "ArrayLike"
        "None" is incompatible with protocol "Buffer"
          "__buffer__" is not present
        "None" is incompatible with protocol "_SupportsArray[dtype[Any]]"
          "__array__" is not present
        "None" is incompatible with protocol "_NestedSequence[_SupportsArray[dtype[Any]]]"
          "__len__" is not present
    ... (reportArgumentType)
  /home/gian/PyPLUTO/pyPLUTO/toolfuncs/parttools.py:71:19 - error: Argument of type "Unknown | None" cannot be assigned to parameter "bins" of type "_BinKind | ArrayLike | SupportsIndex" in function "histogram"
    Type "Unknown | None" is not assignable to type "_BinKind | ArrayLike | SupportsIndex"
      Type "None" is not assignable to type "_BinKind | ArrayLike | SupportsIndex"
        "None" is incompatible with protocol "SupportsIndex"
          "__index__" is not present
        "None" is incompatible with protocol "Buffer"
          "__buffer__" is not present
        "None" is incompatible with protocol "_SupportsArray[dtype[Any]]"
          "__array__" is not present
    ... (reportArgumentType)
  /home/gian/PyPLUTO/pyPLUTO/toolfuncs/parttools.py:78:12 - error: Type "tuple[NDArray[Any], NDArray[float64]]" is not assignable to return type "list[ndarray[_AnyShape, dtype[Any]]]"
    "tuple[NDArray[Any], NDArray[float64]]" is not assignable to "list[ndarray[_AnyShape, dtype[Any]]]" (reportReturnType)
/home/gian/PyPLUTO/pyPLUTO/toolfuncs/transform.py
  /home/gian/PyPLUTO/pyPLUTO/toolfuncs/transform.py:153:38 - error: No overloads for "copy" match the provided arguments (reportCallIssue)
  /home/gian/PyPLUTO/pyPLUTO/toolfuncs/transform.py:153:46 - error: Argument of type "Unknown | None" cannot be assigned to parameter "a" of type "ArrayLike" in function "copy"
    Type "Unknown | None" is not assignable to type "ArrayLike"
      Type "None" is not assignable to type "ArrayLike"
        "None" is incompatible with protocol "Buffer"
          "__buffer__" is not present
        "None" is incompatible with protocol "_SupportsArray[dtype[Any]]"
          "__array__" is not present
        "None" is incompatible with protocol "_NestedSequence[_SupportsArray[dtype[Any]]]"
          "__len__" is not present
    ... (reportArgumentType)
  /home/gian/PyPLUTO/pyPLUTO/toolfuncs/transform.py:153:52 - error: No overloads for "copy" match the provided arguments (reportCallIssue)
  /home/gian/PyPLUTO/pyPLUTO/toolfuncs/transform.py:153:60 - error: Argument of type "Unknown | None" cannot be assigned to parameter "a" of type "ArrayLike" in function "copy"
    Type "Unknown | None" is not assignable to type "ArrayLike"
      Type "None" is not assignable to type "ArrayLike"
        "None" is incompatible with protocol "Buffer"
          "__buffer__" is not present
        "None" is incompatible with protocol "_SupportsArray[dtype[Any]]"
          "__array__" is not present
        "None" is incompatible with protocol "_NestedSequence[_SupportsArray[dtype[Any]]]"
          "__len__" is not present
    ... (reportArgumentType)
  /home/gian/PyPLUTO/pyPLUTO/toolfuncs/transform.py:172:5 - warning: Expression value is unused (reportUnusedExpression)
  /home/gian/PyPLUTO/pyPLUTO/toolfuncs/transform.py:173:5 - warning: Expression value is unused (reportUnusedExpression)
  /home/gian/PyPLUTO/pyPLUTO/toolfuncs/transform.py:175:16 - error: Type "tuple[NDArray[Unknown], list[Unknown]]" is not assignable to return type "list[ndarray[_AnyShape, dtype[Any]]]"
    "tuple[NDArray[Unknown], list[Unknown]]" is not assignable to "list[ndarray[_AnyShape, dtype[Any]]]" (reportReturnType)
  /home/gian/PyPLUTO/pyPLUTO/toolfuncs/transform.py:177:16 - error: Type "tuple[NDArray[Unknown], Unknown]" is not assignable to return type "list[ndarray[_AnyShape, dtype[Any]]]"
    "tuple[NDArray[Unknown], Unknown]" is not assignable to "list[ndarray[_AnyShape, dtype[Any]]]" (reportReturnType)
  /home/gian/PyPLUTO/pyPLUTO/toolfuncs/transform.py:179:16 - error: Type "NDArray[Unknown]" is not assignable to return type "list[ndarray[_AnyShape, dtype[Any]]]"
    "ndarray[_AnyShape, dtype[Unknown]]" is not assignable to "list[ndarray[_AnyShape, dtype[Any]]]" (reportReturnType)
  /home/gian/PyPLUTO/pyPLUTO/toolfuncs/transform.py:262:6 - error: Function with declared return type "tuple[NDArray[Unknown], ...]" must return value on all code paths
    "None" is not assignable to "tuple[NDArray[Unknown], ...]" (reportReturnType)
  /home/gian/PyPLUTO/pyPLUTO/toolfuncs/transform.py:436:16 - error: Type "tuple[Unknown, Unknown, *tuple[Unknown, ...]]" is not assignable to return type "tuple[NDArray[Unknown], ...]"
    "tuple[Unknown, Unknown, *tuple[Unknown, ...]]" is not assignable to "tuple[NDArray[Unknown], ...]"
      Tuple size mismatch; expected 0 or more but received 2 (reportReturnType)
  /home/gian/PyPLUTO/pyPLUTO/toolfuncs/transform.py:438:16 - error: Type "tuple[Unknown, Unknown, *tuple[Unknown, ...]]" is not assignable to return type "tuple[NDArray[Unknown], ...]"
    "tuple[Unknown, Unknown, *tuple[Unknown, ...]]" is not assignable to "tuple[NDArray[Unknown], ...]"
      Tuple size mismatch; expected 0 or more but received 2 (reportReturnType)
  /home/gian/PyPLUTO/pyPLUTO/toolfuncs/transform.py:635:72 - error: Argument of type "None" cannot be assigned to parameter "fill_value" of type "float" in function "__init__"
    "None" is not assignable to "float" (reportArgumentType)
334 errors, 2 warnings, 0 informations
